{"/home/adam/Code/tpl-search-extension/.eslintrc.js": {"path":"/home/adam/Code/tpl-search-extension/.eslintrc.js","statementMap":{"0":{"start":{"line":2,"column":0},"end":{"line":90,"column":2}}},"fnMap":{},"branchMap":{},"s":{"0":0},"f":{},"b":{}}
,"/home/adam/Code/tpl-search-extension/background.js": {"path":"/home/adam/Code/tpl-search-extension/background.js","statementMap":{"0":{"start":{"line":5,"column":0},"end":{"line":11,"column":3}},"1":{"start":{"line":6,"column":2},"end":{"line":10,"column":5}},"2":{"start":{"line":14,"column":0},"end":{"line":29,"column":3}},"3":{"start":{"line":15,"column":2},"end":{"line":28,"column":3}},"4":{"start":{"line":16,"column":23},"end":{"line":16,"column":48}},"5":{"start":{"line":18,"column":4},"end":{"line":27,"column":5}},"6":{"start":{"line":19,"column":28},"end":{"line":19,"column":57}},"7":{"start":{"line":20,"column":21},"end":{"line":20,"column":110}},"8":{"start":{"line":23,"column":6},"end":{"line":26,"column":9}},"9":{"start":{"line":38,"column":18},"end":{"line":38,"column":50}},"10":{"start":{"line":41,"column":2},"end":{"line":45,"column":3}},"11":{"start":{"line":43,"column":4},"end":{"line":43,"column":51}},"12":{"start":{"line":44,"column":4},"end":{"line":44,"column":21}},"13":{"start":{"line":48,"column":2},"end":{"line":51,"column":3}},"14":{"start":{"line":49,"column":4},"end":{"line":49,"column":67}},"15":{"start":{"line":50,"column":4},"end":{"line":50,"column":23}},"16":{"start":{"line":54,"column":2},"end":{"line":56,"column":3}},"17":{"start":{"line":55,"column":4},"end":{"line":55,"column":51}},"18":{"start":{"line":58,"column":2},"end":{"line":58,"column":19}},"19":{"start":{"line":68,"column":18},"end":{"line":68,"column":47}},"20":{"start":{"line":71,"column":2},"end":{"line":72,"column":44}},"21":{"start":{"line":76,"column":0},"end":{"line":88,"column":3}},"22":{"start":{"line":77,"column":2},"end":{"line":87,"column":3}},"23":{"start":{"line":78,"column":26},"end":{"line":78,"column":57}},"24":{"start":{"line":79,"column":19},"end":{"line":79,"column":108}},"25":{"start":{"line":81,"column":4},"end":{"line":84,"column":7}},"26":{"start":{"line":86,"column":4},"end":{"line":86,"column":36}},"27":{"start":{"line":91,"column":0},"end":{"line":94,"column":1}},"28":{"start":{"line":92,"column":2},"end":{"line":92,"column":47}},"29":{"start":{"line":93,"column":2},"end":{"line":93,"column":25}}},"fnMap":{"0":{"name":"(anonymous_0)","decl":{"start":{"line":5,"column":39},"end":{"line":5,"column":40}},"loc":{"start":{"line":5,"column":45},"end":{"line":11,"column":1}},"line":5},"1":{"name":"(anonymous_1)","decl":{"start":{"line":14,"column":42},"end":{"line":14,"column":43}},"loc":{"start":{"line":14,"column":57},"end":{"line":29,"column":1}},"line":14},"2":{"name":"processSearchText","decl":{"start":{"line":36,"column":9},"end":{"line":36,"column":26}},"loc":{"start":{"line":36,"column":33},"end":{"line":59,"column":1}},"line":36},"3":{"name":"isISBN","decl":{"start":{"line":66,"column":9},"end":{"line":66,"column":15}},"loc":{"start":{"line":66,"column":22},"end":{"line":73,"column":1}},"line":66},"4":{"name":"(anonymous_4)","decl":{"start":{"line":76,"column":37},"end":{"line":76,"column":38}},"loc":{"start":{"line":76,"column":72},"end":{"line":88,"column":1}},"line":76}},"branchMap":{"0":{"loc":{"start":{"line":15,"column":2},"end":{"line":28,"column":3}},"type":"if","locations":[{"start":{"line":15,"column":2},"end":{"line":28,"column":3}},{"start":{},"end":{}}],"line":15},"1":{"loc":{"start":{"line":15,"column":6},"end":{"line":15,"column":59}},"type":"binary-expr","locations":[{"start":{"line":15,"column":6},"end":{"line":15,"column":37}},{"start":{"line":15,"column":41},"end":{"line":15,"column":59}}],"line":15},"2":{"loc":{"start":{"line":18,"column":4},"end":{"line":27,"column":5}},"type":"if","locations":[{"start":{"line":18,"column":4},"end":{"line":27,"column":5}},{"start":{},"end":{}}],"line":18},"3":{"loc":{"start":{"line":41,"column":2},"end":{"line":45,"column":3}},"type":"if","locations":[{"start":{"line":41,"column":2},"end":{"line":45,"column":3}},{"start":{},"end":{}}],"line":41},"4":{"loc":{"start":{"line":48,"column":2},"end":{"line":51,"column":3}},"type":"if","locations":[{"start":{"line":48,"column":2},"end":{"line":51,"column":3}},{"start":{},"end":{}}],"line":48},"5":{"loc":{"start":{"line":48,"column":6},"end":{"line":48,"column":42}},"type":"binary-expr","locations":[{"start":{"line":48,"column":6},"end":{"line":48,"column":16}},{"start":{"line":48,"column":20},"end":{"line":48,"column":42}}],"line":48},"6":{"loc":{"start":{"line":54,"column":2},"end":{"line":56,"column":3}},"type":"if","locations":[{"start":{"line":54,"column":2},"end":{"line":56,"column":3}},{"start":{},"end":{}}],"line":54},"7":{"loc":{"start":{"line":71,"column":9},"end":{"line":72,"column":43}},"type":"binary-expr","locations":[{"start":{"line":71,"column":9},"end":{"line":71,"column":43}},{"start":{"line":72,"column":9},"end":{"line":72,"column":43}}],"line":71},"8":{"loc":{"start":{"line":77,"column":2},"end":{"line":87,"column":3}},"type":"if","locations":[{"start":{"line":77,"column":2},"end":{"line":87,"column":3}},{"start":{},"end":{}}],"line":77},"9":{"loc":{"start":{"line":91,"column":0},"end":{"line":94,"column":1}},"type":"if","locations":[{"start":{"line":91,"column":0},"end":{"line":94,"column":1}},{"start":{},"end":{}}],"line":91}},"s":{"0":1,"1":0,"2":1,"3":0,"4":0,"5":0,"6":0,"7":0,"8":0,"9":4,"10":4,"11":1,"12":1,"13":3,"14":1,"15":1,"16":2,"17":1,"18":2,"19":8,"20":8,"21":1,"22":0,"23":0,"24":0,"25":0,"26":0,"27":1,"28":1,"29":1},"f":{"0":0,"1":0,"2":4,"3":8,"4":0},"b":{"0":[0,0],"1":[0,0],"2":[0,0],"3":[1,3],"4":[1,2],"5":[3,2],"6":[1,1],"7":[8,6],"8":[0,0],"9":[1,0]},"_coverageSchema":"1a1c01bbd47fc00a2c39e90264f33305004495a9","hash":"ade8a354740c42b8e02b979d96817d0c9e8ad6b8"}
,"/home/adam/Code/tpl-search-extension/content.js": {"path":"/home/adam/Code/tpl-search-extension/content.js","statementMap":{"0":{"start":{"line":4,"column":0},"end":{"line":151,"column":5}},"1":{"start":{"line":8,"column":25},"end":{"line":8,"column":27}},"2":{"start":{"line":11,"column":2},"end":{"line":11,"column":70}},"3":{"start":{"line":17,"column":22},"end":{"line":17,"column":43}},"4":{"start":{"line":18,"column":25},"end":{"line":18,"column":52}},"5":{"start":{"line":20,"column":4},"end":{"line":23,"column":5}},"6":{"start":{"line":21,"column":6},"end":{"line":21,"column":38}},"7":{"start":{"line":32,"column":4},"end":{"line":34,"column":5}},"8":{"start":{"line":33,"column":6},"end":{"line":33,"column":57}},"9":{"start":{"line":36,"column":20},"end":{"line":36,"column":31}},"10":{"start":{"line":38,"column":4},"end":{"line":40,"column":5}},"11":{"start":{"line":39,"column":6},"end":{"line":39,"column":63}},"12":{"start":{"line":42,"column":4},"end":{"line":48,"column":5}},"13":{"start":{"line":43,"column":6},"end":{"line":47,"column":8}},"14":{"start":{"line":51,"column":32},"end":{"line":51,"column":56}},"15":{"start":{"line":52,"column":4},"end":{"line":59,"column":5}},"16":{"start":{"line":54,"column":6},"end":{"line":58,"column":8}},"17":{"start":{"line":61,"column":4},"end":{"line":61,"column":42}},"18":{"start":{"line":71,"column":20},"end":{"line":71,"column":49}},"19":{"start":{"line":74,"column":21},"end":{"line":78,"column":5}},"20":{"start":{"line":80,"column":4},"end":{"line":82,"column":5}},"21":{"start":{"line":81,"column":6},"end":{"line":81,"column":56}},"22":{"start":{"line":84,"column":4},"end":{"line":86,"column":5}},"23":{"start":{"line":85,"column":6},"end":{"line":85,"column":56}},"24":{"start":{"line":88,"column":4},"end":{"line":90,"column":5}},"25":{"start":{"line":89,"column":6},"end":{"line":89,"column":62}},"26":{"start":{"line":92,"column":4},"end":{"line":92,"column":29}},"27":{"start":{"line":96,"column":2},"end":{"line":100,"column":4}},"28":{"start":{"line":99,"column":31},"end":{"line":99,"column":47}},"29":{"start":{"line":103,"column":2},"end":{"line":143,"column":5}},"30":{"start":{"line":104,"column":4},"end":{"line":142,"column":5}},"31":{"start":{"line":106,"column":26},"end":{"line":106,"column":47}},"32":{"start":{"line":107,"column":29},"end":{"line":107,"column":56}},"33":{"start":{"line":108,"column":27},"end":{"line":108,"column":59}},"34":{"start":{"line":110,"column":8},"end":{"line":124,"column":9}},"35":{"start":{"line":111,"column":27},"end":{"line":111,"column":54}},"36":{"start":{"line":112,"column":10},"end":{"line":118,"column":13}},"37":{"start":{"line":120,"column":10},"end":{"line":123,"column":13}},"38":{"start":{"line":125,"column":8},"end":{"line":125,"column":14}},"39":{"start":{"line":128,"column":8},"end":{"line":137,"column":9}},"40":{"start":{"line":130,"column":10},"end":{"line":133,"column":13}},"41":{"start":{"line":134,"column":10},"end":{"line":134,"column":42}},"42":{"start":{"line":136,"column":10},"end":{"line":136,"column":70}},"43":{"start":{"line":138,"column":8},"end":{"line":138,"column":14}},"44":{"start":{"line":141,"column":8},"end":{"line":141,"column":66}},"45":{"start":{"line":146,"column":2},"end":{"line":149,"column":3}},"46":{"start":{"line":147,"column":4},"end":{"line":147,"column":51}},"47":{"start":{"line":148,"column":4},"end":{"line":148,"column":35}}},"fnMap":{"0":{"name":"(anonymous_0)","decl":{"start":{"line":4,"column":1},"end":{"line":4,"column":2}},"loc":{"start":{"line":4,"column":12},"end":{"line":151,"column":1}},"line":4},"1":{"name":"handleSelectionChange","decl":{"start":{"line":16,"column":11},"end":{"line":16,"column":32}},"loc":{"start":{"line":16,"column":35},"end":{"line":24,"column":3}},"line":16},"2":{"name":"validateSearchText","decl":{"start":{"line":31,"column":11},"end":{"line":31,"column":29}},"loc":{"start":{"line":31,"column":36},"end":{"line":62,"column":3}},"line":31},"3":{"name":"detectISBN","decl":{"start":{"line":69,"column":11},"end":{"line":69,"column":21}},"loc":{"start":{"line":69,"column":28},"end":{"line":93,"column":3}},"line":69},"4":{"name":"(anonymous_4)","decl":{"start":{"line":99,"column":25},"end":{"line":99,"column":26}},"loc":{"start":{"line":99,"column":31},"end":{"line":99,"column":47}},"line":99},"5":{"name":"(anonymous_5)","decl":{"start":{"line":103,"column":39},"end":{"line":103,"column":40}},"loc":{"start":{"line":103,"column":74},"end":{"line":143,"column":3}},"line":103}},"branchMap":{"0":{"loc":{"start":{"line":20,"column":4},"end":{"line":23,"column":5}},"type":"if","locations":[{"start":{"line":20,"column":4},"end":{"line":23,"column":5}},{"start":{},"end":{}}],"line":20},"1":{"loc":{"start":{"line":20,"column":8},"end":{"line":20,"column":57}},"type":"binary-expr","locations":[{"start":{"line":20,"column":8},"end":{"line":20,"column":20}},{"start":{"line":20,"column":24},"end":{"line":20,"column":57}}],"line":20},"2":{"loc":{"start":{"line":32,"column":4},"end":{"line":34,"column":5}},"type":"if","locations":[{"start":{"line":32,"column":4},"end":{"line":34,"column":5}},{"start":{},"end":{}}],"line":32},"3":{"loc":{"start":{"line":32,"column":8},"end":{"line":32,"column":41}},"type":"binary-expr","locations":[{"start":{"line":32,"column":8},"end":{"line":32,"column":13}},{"start":{"line":32,"column":17},"end":{"line":32,"column":41}}],"line":32},"4":{"loc":{"start":{"line":38,"column":4},"end":{"line":40,"column":5}},"type":"if","locations":[{"start":{"line":38,"column":4},"end":{"line":40,"column":5}},{"start":{},"end":{}}],"line":38},"5":{"loc":{"start":{"line":42,"column":4},"end":{"line":48,"column":5}},"type":"if","locations":[{"start":{"line":42,"column":4},"end":{"line":48,"column":5}},{"start":{},"end":{}}],"line":42},"6":{"loc":{"start":{"line":52,"column":4},"end":{"line":59,"column":5}},"type":"if","locations":[{"start":{"line":52,"column":4},"end":{"line":59,"column":5}},{"start":{},"end":{}}],"line":52},"7":{"loc":{"start":{"line":80,"column":4},"end":{"line":82,"column":5}},"type":"if","locations":[{"start":{"line":80,"column":4},"end":{"line":82,"column":5}},{"start":{},"end":{}}],"line":80},"8":{"loc":{"start":{"line":84,"column":4},"end":{"line":86,"column":5}},"type":"if","locations":[{"start":{"line":84,"column":4},"end":{"line":86,"column":5}},{"start":{},"end":{}}],"line":84},"9":{"loc":{"start":{"line":88,"column":4},"end":{"line":90,"column":5}},"type":"if","locations":[{"start":{"line":88,"column":4},"end":{"line":90,"column":5}},{"start":{},"end":{}}],"line":88},"10":{"loc":{"start":{"line":88,"column":8},"end":{"line":88,"column":61}},"type":"binary-expr","locations":[{"start":{"line":88,"column":8},"end":{"line":88,"column":38}},{"start":{"line":88,"column":42},"end":{"line":88,"column":61}}],"line":88},"11":{"loc":{"start":{"line":104,"column":4},"end":{"line":142,"column":5}},"type":"switch","locations":[{"start":{"line":105,"column":6},"end":{"line":125,"column":14}},{"start":{"line":127,"column":6},"end":{"line":138,"column":14}},{"start":{"line":140,"column":6},"end":{"line":141,"column":66}}],"line":104},"12":{"loc":{"start":{"line":110,"column":8},"end":{"line":124,"column":9}},"type":"if","locations":[{"start":{"line":110,"column":8},"end":{"line":124,"column":9}},{"start":{"line":119,"column":15},"end":{"line":124,"column":9}}],"line":110},"13":{"loc":{"start":{"line":128,"column":8},"end":{"line":137,"column":9}},"type":"if","locations":[{"start":{"line":128,"column":8},"end":{"line":137,"column":9}},{"start":{"line":135,"column":15},"end":{"line":137,"column":9}}],"line":128},"14":{"loc":{"start":{"line":146,"column":2},"end":{"line":149,"column":3}},"type":"if","locations":[{"start":{"line":146,"column":2},"end":{"line":149,"column":3}},{"start":{},"end":{}}],"line":146}},"s":{"0":1,"1":1,"2":1,"3":0,"4":0,"5":0,"6":0,"7":2,"8":1,"9":1,"10":1,"11":0,"12":1,"13":0,"14":1,"15":1,"16":0,"17":1,"18":0,"19":0,"20":0,"21":0,"22":0,"23":0,"24":0,"25":0,"26":0,"27":1,"28":0,"29":1,"30":0,"31":0,"32":0,"33":0,"34":0,"35":0,"36":0,"37":0,"38":0,"39":0,"40":0,"41":0,"42":0,"43":0,"44":0,"45":1,"46":1,"47":1},"f":{"0":1,"1":0,"2":2,"3":0,"4":0,"5":0},"b":{"0":[0,0],"1":[0,0],"2":[1,1],"3":[2,1],"4":[0,1],"5":[0,1],"6":[0,1],"7":[0,0],"8":[0,0],"9":[0,0],"10":[0,0],"11":[0,0,0],"12":[0,0],"13":[0,0],"14":[1,0]},"_coverageSchema":"1a1c01bbd47fc00a2c39e90264f33305004495a9","hash":"5b2b9810730981d160031a4938fa71208a613f94"}
,"/home/adam/Code/tpl-search-extension/debug-isbn.js": {"path":"/home/adam/Code/tpl-search-extension/debug-isbn.js","statementMap":{"0":{"start":{"line":4,"column":2},"end":{"line":6,"column":3}},"1":{"start":{"line":5,"column":4},"end":{"line":5,"column":29}},"2":{"start":{"line":7,"column":18},"end":{"line":7,"column":61}},"3":{"start":{"line":10,"column":2},"end":{"line":15,"column":3}},"4":{"start":{"line":11,"column":4},"end":{"line":13,"column":5}},"5":{"start":{"line":12,"column":6},"end":{"line":12,"column":31}},"6":{"start":{"line":14,"column":4},"end":{"line":14,"column":54}},"7":{"start":{"line":18,"column":2},"end":{"line":20,"column":3}},"8":{"start":{"line":19,"column":4},"end":{"line":19,"column":54}},"9":{"start":{"line":23,"column":2},"end":{"line":25,"column":3}},"10":{"start":{"line":24,"column":4},"end":{"line":24,"column":60}},"11":{"start":{"line":28,"column":2},"end":{"line":34,"column":3}},"12":{"start":{"line":30,"column":4},"end":{"line":32,"column":5}},"13":{"start":{"line":31,"column":6},"end":{"line":31,"column":31}},"14":{"start":{"line":33,"column":4},"end":{"line":33,"column":60}},"15":{"start":{"line":36,"column":2},"end":{"line":36,"column":27}},"16":{"start":{"line":39,"column":18},"end":{"line":48,"column":1}},"17":{"start":{"line":50,"column":0},"end":{"line":50,"column":45}},"18":{"start":{"line":51,"column":0},"end":{"line":54,"column":3}},"19":{"start":{"line":52,"column":17},"end":{"line":52,"column":33}},"20":{"start":{"line":53,"column":2},"end":{"line":53,"column":73}}},"fnMap":{"0":{"name":"detectISBN","decl":{"start":{"line":3,"column":9},"end":{"line":3,"column":19}},"loc":{"start":{"line":3,"column":26},"end":{"line":37,"column":1}},"line":3},"1":{"name":"(anonymous_1)","decl":{"start":{"line":51,"column":18},"end":{"line":51,"column":19}},"loc":{"start":{"line":51,"column":26},"end":{"line":54,"column":1}},"line":51}},"branchMap":{"0":{"loc":{"start":{"line":4,"column":2},"end":{"line":6,"column":3}},"type":"if","locations":[{"start":{"line":4,"column":2},"end":{"line":6,"column":3}},{"start":{},"end":{}}],"line":4},"1":{"loc":{"start":{"line":4,"column":6},"end":{"line":4,"column":39}},"type":"binary-expr","locations":[{"start":{"line":4,"column":6},"end":{"line":4,"column":11}},{"start":{"line":4,"column":15},"end":{"line":4,"column":39}}],"line":4},"2":{"loc":{"start":{"line":10,"column":2},"end":{"line":15,"column":3}},"type":"if","locations":[{"start":{"line":10,"column":2},"end":{"line":15,"column":3}},{"start":{},"end":{}}],"line":10},"3":{"loc":{"start":{"line":10,"column":6},"end":{"line":10,"column":64}},"type":"binary-expr","locations":[{"start":{"line":10,"column":6},"end":{"line":10,"column":39}},{"start":{"line":10,"column":43},"end":{"line":10,"column":64}}],"line":10},"4":{"loc":{"start":{"line":11,"column":4},"end":{"line":13,"column":5}},"type":"if","locations":[{"start":{"line":11,"column":4},"end":{"line":13,"column":5}},{"start":{},"end":{}}],"line":11},"5":{"loc":{"start":{"line":11,"column":8},"end":{"line":11,"column":55}},"type":"binary-expr","locations":[{"start":{"line":11,"column":8},"end":{"line":11,"column":29}},{"start":{"line":11,"column":33},"end":{"line":11,"column":55}}],"line":11},"6":{"loc":{"start":{"line":18,"column":2},"end":{"line":20,"column":3}},"type":"if","locations":[{"start":{"line":18,"column":2},"end":{"line":20,"column":3}},{"start":{},"end":{}}],"line":18},"7":{"loc":{"start":{"line":18,"column":6},"end":{"line":18,"column":65}},"type":"binary-expr","locations":[{"start":{"line":18,"column":6},"end":{"line":18,"column":40}},{"start":{"line":18,"column":44},"end":{"line":18,"column":65}}],"line":18},"8":{"loc":{"start":{"line":23,"column":2},"end":{"line":25,"column":3}},"type":"if","locations":[{"start":{"line":23,"column":2},"end":{"line":25,"column":3}},{"start":{},"end":{}}],"line":23},"9":{"loc":{"start":{"line":23,"column":6},"end":{"line":23,"column":57}},"type":"binary-expr","locations":[{"start":{"line":23,"column":6},"end":{"line":23,"column":33}},{"start":{"line":23,"column":37},"end":{"line":23,"column":57}}],"line":23},"10":{"loc":{"start":{"line":28,"column":2},"end":{"line":34,"column":3}},"type":"if","locations":[{"start":{"line":28,"column":2},"end":{"line":34,"column":3}},{"start":{},"end":{}}],"line":28},"11":{"loc":{"start":{"line":28,"column":6},"end":{"line":28,"column":85}},"type":"binary-expr","locations":[{"start":{"line":28,"column":6},"end":{"line":28,"column":37}},{"start":{"line":28,"column":41},"end":{"line":28,"column":61}},{"start":{"line":28,"column":65},"end":{"line":28,"column":85}}],"line":28},"12":{"loc":{"start":{"line":30,"column":4},"end":{"line":32,"column":5}},"type":"if","locations":[{"start":{"line":30,"column":4},"end":{"line":32,"column":5}},{"start":{},"end":{}}],"line":30},"13":{"loc":{"start":{"line":30,"column":8},"end":{"line":30,"column":58}},"type":"binary-expr","locations":[{"start":{"line":30,"column":8},"end":{"line":30,"column":33}},{"start":{"line":30,"column":37},"end":{"line":30,"column":58}}],"line":30},"14":{"loc":{"start":{"line":53,"column":44},"end":{"line":53,"column":68}},"type":"binary-expr","locations":[{"start":{"line":53,"column":44},"end":{"line":53,"column":55}},{"start":{"line":53,"column":59},"end":{"line":53,"column":68}}],"line":53}},"s":{"0":0,"1":0,"2":0,"3":0,"4":0,"5":0,"6":0,"7":0,"8":0,"9":0,"10":0,"11":0,"12":0,"13":0,"14":0,"15":0,"16":0,"17":0,"18":0,"19":0,"20":0},"f":{"0":0,"1":0},"b":{"0":[0,0],"1":[0,0],"2":[0,0],"3":[0,0],"4":[0,0],"5":[0,0],"6":[0,0],"7":[0,0],"8":[0,0],"9":[0,0],"10":[0,0],"11":[0,0,0],"12":[0,0],"13":[0,0],"14":[0,0]}}
,"/home/adam/Code/tpl-search-extension/popup.js": {"path":"/home/adam/Code/tpl-search-extension/popup.js","statementMap":{"0":{"start":{"line":4,"column":0},"end":{"line":206,"column":3}},"1":{"start":{"line":5,"column":22},"end":{"line":5,"column":60}},"2":{"start":{"line":6,"column":23},"end":{"line":6,"column":62}},"3":{"start":{"line":7,"column":29},"end":{"line":7,"column":74}},"4":{"start":{"line":8,"column":22},"end":{"line":8,"column":60}},"5":{"start":{"line":11,"column":2},"end":{"line":11,"column":22}},"6":{"start":{"line":14,"column":2},"end":{"line":14,"column":61}},"7":{"start":{"line":15,"column":2},"end":{"line":15,"column":73}},"8":{"start":{"line":16,"column":2},"end":{"line":20,"column":5}},"9":{"start":{"line":17,"column":4},"end":{"line":19,"column":5}},"10":{"start":{"line":18,"column":6},"end":{"line":18,"column":27}},"11":{"start":{"line":22,"column":2},"end":{"line":22,"column":55}},"12":{"start":{"line":28,"column":4},"end":{"line":50,"column":7}},"13":{"start":{"line":29,"column":6},"end":{"line":49,"column":7}},"14":{"start":{"line":30,"column":8},"end":{"line":48,"column":11}},"15":{"start":{"line":31,"column":10},"end":{"line":34,"column":11}},"16":{"start":{"line":33,"column":12},"end":{"line":33,"column":19}},"17":{"start":{"line":36,"column":10},"end":{"line":47,"column":11}},"18":{"start":{"line":37,"column":12},"end":{"line":37,"column":48}},"19":{"start":{"line":38,"column":12},"end":{"line":38,"column":92}},"20":{"start":{"line":40,"column":12},"end":{"line":42,"column":13}},"21":{"start":{"line":41,"column":14},"end":{"line":41,"column":94}},"22":{"start":{"line":44,"column":12},"end":{"line":46,"column":13}},"23":{"start":{"line":45,"column":14},"end":{"line":45,"column":55}},"24":{"start":{"line":57,"column":23},"end":{"line":57,"column":47}},"25":{"start":{"line":59,"column":4},"end":{"line":62,"column":5}},"26":{"start":{"line":60,"column":6},"end":{"line":60,"column":55}},"27":{"start":{"line":61,"column":6},"end":{"line":61,"column":13}},"28":{"start":{"line":64,"column":4},"end":{"line":64,"column":30}},"29":{"start":{"line":71,"column":4},"end":{"line":81,"column":7}},"30":{"start":{"line":72,"column":6},"end":{"line":80,"column":7}},"31":{"start":{"line":73,"column":8},"end":{"line":79,"column":11}},"32":{"start":{"line":74,"column":10},"end":{"line":78,"column":11}},"33":{"start":{"line":75,"column":12},"end":{"line":75,"column":41}},"34":{"start":{"line":77,"column":12},"end":{"line":77,"column":80}},"35":{"start":{"line":89,"column":4},"end":{"line":92,"column":5}},"36":{"start":{"line":90,"column":6},"end":{"line":90,"column":58}},"37":{"start":{"line":91,"column":6},"end":{"line":91,"column":13}},"38":{"start":{"line":94,"column":4},"end":{"line":111,"column":5}},"39":{"start":{"line":96,"column":24},"end":{"line":96,"column":53}},"40":{"start":{"line":97,"column":26},"end":{"line":97,"column":55}},"41":{"start":{"line":98,"column":21},"end":{"line":98,"column":88}},"42":{"start":{"line":101,"column":6},"end":{"line":104,"column":9}},"43":{"start":{"line":107,"column":6},"end":{"line":107,"column":21}},"44":{"start":{"line":110,"column":6},"end":{"line":110,"column":61}},"45":{"start":{"line":120,"column":4},"end":{"line":122,"column":5}},"46":{"start":{"line":121,"column":6},"end":{"line":121,"column":45}},"47":{"start":{"line":125,"column":20},"end":{"line":125,"column":52}},"48":{"start":{"line":127,"column":4},"end":{"line":129,"column":5}},"49":{"start":{"line":128,"column":6},"end":{"line":128,"column":63}},"50":{"start":{"line":132,"column":4},"end":{"line":136,"column":5}},"51":{"start":{"line":134,"column":6},"end":{"line":134,"column":53}},"52":{"start":{"line":135,"column":6},"end":{"line":135,"column":23}},"53":{"start":{"line":139,"column":4},"end":{"line":141,"column":5}},"54":{"start":{"line":140,"column":6},"end":{"line":140,"column":53}},"55":{"start":{"line":143,"column":4},"end":{"line":143,"column":21}},"56":{"start":{"line":153,"column":20},"end":{"line":153,"column":49}},"57":{"start":{"line":156,"column":4},"end":{"line":157,"column":46}},"58":{"start":{"line":166,"column":4},"end":{"line":166,"column":80}},"59":{"start":{"line":173,"column":4},"end":{"line":173,"column":31}},"60":{"start":{"line":183,"column":4},"end":{"line":185,"column":5}},"61":{"start":{"line":184,"column":6},"end":{"line":184,"column":18}},"62":{"start":{"line":186,"column":4},"end":{"line":186,"column":52}},"63":{"start":{"line":195,"column":16},"end":{"line":195,"column":45}},"64":{"start":{"line":196,"column":4},"end":{"line":196,"column":27}},"65":{"start":{"line":197,"column":4},"end":{"line":197,"column":25}},"66":{"start":{"line":201,"column":2},"end":{"line":205,"column":3}},"67":{"start":{"line":202,"column":4},"end":{"line":202,"column":49}},"68":{"start":{"line":203,"column":4},"end":{"line":203,"column":39}},"69":{"start":{"line":204,"column":4},"end":{"line":204,"column":35}}},"fnMap":{"0":{"name":"(anonymous_0)","decl":{"start":{"line":4,"column":46},"end":{"line":4,"column":47}},"loc":{"start":{"line":4,"column":57},"end":{"line":206,"column":1}},"line":4},"1":{"name":"(anonymous_1)","decl":{"start":{"line":16,"column":43},"end":{"line":16,"column":44}},"loc":{"start":{"line":16,"column":55},"end":{"line":20,"column":3}},"line":16},"2":{"name":"checkSelectedText","decl":{"start":{"line":27,"column":11},"end":{"line":27,"column":28}},"loc":{"start":{"line":27,"column":31},"end":{"line":51,"column":3}},"line":27},"3":{"name":"(anonymous_3)","decl":{"start":{"line":28,"column":61},"end":{"line":28,"column":62}},"loc":{"start":{"line":28,"column":76},"end":{"line":50,"column":5}},"line":28},"4":{"name":"(anonymous_4)","decl":{"start":{"line":30,"column":75},"end":{"line":30,"column":76}},"loc":{"start":{"line":30,"column":94},"end":{"line":48,"column":9}},"line":30},"5":{"name":"handleManualSearch","decl":{"start":{"line":56,"column":11},"end":{"line":56,"column":29}},"loc":{"start":{"line":56,"column":32},"end":{"line":65,"column":3}},"line":56},"6":{"name":"handleSelectedTextSearch","decl":{"start":{"line":70,"column":11},"end":{"line":70,"column":35}},"loc":{"start":{"line":70,"column":38},"end":{"line":82,"column":3}},"line":70},"7":{"name":"(anonymous_7)","decl":{"start":{"line":71,"column":61},"end":{"line":71,"column":62}},"loc":{"start":{"line":71,"column":76},"end":{"line":81,"column":5}},"line":71},"8":{"name":"(anonymous_8)","decl":{"start":{"line":73,"column":75},"end":{"line":73,"column":76}},"loc":{"start":{"line":73,"column":94},"end":{"line":79,"column":9}},"line":73},"9":{"name":"performSearch","decl":{"start":{"line":88,"column":11},"end":{"line":88,"column":24}},"loc":{"start":{"line":88,"column":37},"end":{"line":112,"column":3}},"line":88},"10":{"name":"processSearchText","decl":{"start":{"line":119,"column":11},"end":{"line":119,"column":28}},"loc":{"start":{"line":119,"column":35},"end":{"line":144,"column":3}},"line":119},"11":{"name":"isISBN","decl":{"start":{"line":151,"column":11},"end":{"line":151,"column":17}},"loc":{"start":{"line":151,"column":24},"end":{"line":158,"column":3}},"line":151},"12":{"name":"showMessage","decl":{"start":{"line":165,"column":11},"end":{"line":165,"column":22}},"loc":{"start":{"line":165,"column":47},"end":{"line":167,"column":3}},"line":165},"13":{"name":"clearMessages","decl":{"start":{"line":172,"column":11},"end":{"line":172,"column":24}},"loc":{"start":{"line":172,"column":27},"end":{"line":174,"column":3}},"line":172},"14":{"name":"truncateText","decl":{"start":{"line":182,"column":11},"end":{"line":182,"column":23}},"loc":{"start":{"line":182,"column":41},"end":{"line":187,"column":3}},"line":182},"15":{"name":"escapeHtml","decl":{"start":{"line":194,"column":11},"end":{"line":194,"column":21}},"loc":{"start":{"line":194,"column":28},"end":{"line":198,"column":3}},"line":194}},"branchMap":{"0":{"loc":{"start":{"line":17,"column":4},"end":{"line":19,"column":5}},"type":"if","locations":[{"start":{"line":17,"column":4},"end":{"line":19,"column":5}},{"start":{},"end":{}}],"line":17},"1":{"loc":{"start":{"line":29,"column":6},"end":{"line":49,"column":7}},"type":"if","locations":[{"start":{"line":29,"column":6},"end":{"line":49,"column":7}},{"start":{},"end":{}}],"line":29},"2":{"loc":{"start":{"line":31,"column":10},"end":{"line":34,"column":11}},"type":"if","locations":[{"start":{"line":31,"column":10},"end":{"line":34,"column":11}},{"start":{},"end":{}}],"line":31},"3":{"loc":{"start":{"line":36,"column":10},"end":{"line":47,"column":11}},"type":"if","locations":[{"start":{"line":36,"column":10},"end":{"line":47,"column":11}},{"start":{},"end":{}}],"line":36},"4":{"loc":{"start":{"line":36,"column":14},"end":{"line":36,"column":42}},"type":"binary-expr","locations":[{"start":{"line":36,"column":14},"end":{"line":36,"column":22}},{"start":{"line":36,"column":26},"end":{"line":36,"column":42}}],"line":36},"5":{"loc":{"start":{"line":40,"column":12},"end":{"line":42,"column":13}},"type":"if","locations":[{"start":{"line":40,"column":12},"end":{"line":42,"column":13}},{"start":{},"end":{}}],"line":40},"6":{"loc":{"start":{"line":40,"column":16},"end":{"line":40,"column":53}},"type":"binary-expr","locations":[{"start":{"line":40,"column":16},"end":{"line":40,"column":29}},{"start":{"line":40,"column":33},"end":{"line":40,"column":53}}],"line":40},"7":{"loc":{"start":{"line":44,"column":12},"end":{"line":46,"column":13}},"type":"if","locations":[{"start":{"line":44,"column":12},"end":{"line":46,"column":13}},{"start":{},"end":{}}],"line":44},"8":{"loc":{"start":{"line":59,"column":4},"end":{"line":62,"column":5}},"type":"if","locations":[{"start":{"line":59,"column":4},"end":{"line":62,"column":5}},{"start":{},"end":{}}],"line":59},"9":{"loc":{"start":{"line":72,"column":6},"end":{"line":80,"column":7}},"type":"if","locations":[{"start":{"line":72,"column":6},"end":{"line":80,"column":7}},{"start":{},"end":{}}],"line":72},"10":{"loc":{"start":{"line":74,"column":10},"end":{"line":78,"column":11}},"type":"if","locations":[{"start":{"line":74,"column":10},"end":{"line":78,"column":11}},{"start":{"line":76,"column":17},"end":{"line":78,"column":11}}],"line":74},"11":{"loc":{"start":{"line":74,"column":14},"end":{"line":74,"column":42}},"type":"binary-expr","locations":[{"start":{"line":74,"column":14},"end":{"line":74,"column":22}},{"start":{"line":74,"column":26},"end":{"line":74,"column":42}}],"line":74},"12":{"loc":{"start":{"line":89,"column":4},"end":{"line":92,"column":5}},"type":"if","locations":[{"start":{"line":89,"column":4},"end":{"line":92,"column":5}},{"start":{},"end":{}}],"line":89},"13":{"loc":{"start":{"line":89,"column":8},"end":{"line":89,"column":53}},"type":"binary-expr","locations":[{"start":{"line":89,"column":8},"end":{"line":89,"column":19}},{"start":{"line":89,"column":23},"end":{"line":89,"column":53}}],"line":89},"14":{"loc":{"start":{"line":120,"column":4},"end":{"line":122,"column":5}},"type":"if","locations":[{"start":{"line":120,"column":4},"end":{"line":122,"column":5}},{"start":{},"end":{}}],"line":120},"15":{"loc":{"start":{"line":120,"column":8},"end":{"line":120,"column":41}},"type":"binary-expr","locations":[{"start":{"line":120,"column":8},"end":{"line":120,"column":13}},{"start":{"line":120,"column":17},"end":{"line":120,"column":41}}],"line":120},"16":{"loc":{"start":{"line":127,"column":4},"end":{"line":129,"column":5}},"type":"if","locations":[{"start":{"line":127,"column":4},"end":{"line":129,"column":5}},{"start":{},"end":{}}],"line":127},"17":{"loc":{"start":{"line":132,"column":4},"end":{"line":136,"column":5}},"type":"if","locations":[{"start":{"line":132,"column":4},"end":{"line":136,"column":5}},{"start":{},"end":{}}],"line":132},"18":{"loc":{"start":{"line":139,"column":4},"end":{"line":141,"column":5}},"type":"if","locations":[{"start":{"line":139,"column":4},"end":{"line":141,"column":5}},{"start":{},"end":{}}],"line":139},"19":{"loc":{"start":{"line":156,"column":11},"end":{"line":157,"column":45}},"type":"binary-expr","locations":[{"start":{"line":156,"column":11},"end":{"line":156,"column":45}},{"start":{"line":157,"column":11},"end":{"line":157,"column":45}}],"line":156},"20":{"loc":{"start":{"line":165,"column":32},"end":{"line":165,"column":45}},"type":"default-arg","locations":[{"start":{"line":165,"column":39},"end":{"line":165,"column":45}}],"line":165},"21":{"loc":{"start":{"line":183,"column":4},"end":{"line":185,"column":5}},"type":"if","locations":[{"start":{"line":183,"column":4},"end":{"line":185,"column":5}},{"start":{},"end":{}}],"line":183},"22":{"loc":{"start":{"line":201,"column":2},"end":{"line":205,"column":3}},"type":"if","locations":[{"start":{"line":201,"column":2},"end":{"line":205,"column":3}},{"start":{},"end":{}}],"line":201}},"s":{"0":1,"1":0,"2":0,"3":0,"4":0,"5":0,"6":0,"7":0,"8":0,"9":0,"10":0,"11":0,"12":0,"13":0,"14":0,"15":0,"16":0,"17":0,"18":0,"19":0,"20":0,"21":0,"22":0,"23":0,"24":0,"25":0,"26":0,"27":0,"28":0,"29":0,"30":0,"31":0,"32":0,"33":0,"34":0,"35":0,"36":0,"37":0,"38":0,"39":0,"40":0,"41":0,"42":0,"43":0,"44":0,"45":0,"46":0,"47":0,"48":0,"49":0,"50":0,"51":0,"52":0,"53":0,"54":0,"55":0,"56":0,"57":0,"58":0,"59":0,"60":0,"61":0,"62":0,"63":0,"64":0,"65":0,"66":0,"67":0,"68":0,"69":0},"f":{"0":0,"1":0,"2":0,"3":0,"4":0,"5":0,"6":0,"7":0,"8":0,"9":0,"10":0,"11":0,"12":0,"13":0,"14":0,"15":0},"b":{"0":[0,0],"1":[0,0],"2":[0,0],"3":[0,0],"4":[0,0],"5":[0,0],"6":[0,0],"7":[0,0],"8":[0,0],"9":[0,0],"10":[0,0],"11":[0,0],"12":[0,0],"13":[0,0],"14":[0,0],"15":[0,0],"16":[0,0],"17":[0,0],"18":[0,0],"19":[0,0],"20":[0],"21":[0,0],"22":[0,0]},"_coverageSchema":"1a1c01bbd47fc00a2c39e90264f33305004495a9","hash":"ad4cd9fe6a8daad6e9114fa5868d13f69d9b0c5a"}
}
