TN:
SF:.eslintrc.js
FNF:0
FNH:0
DA:2,0
LF:1
LH:0
BRF:0
BRH:0
end_of_record
TN:
SF:background.js
FN:5,(anonymous_0)
FN:14,(anonymous_1)
FN:36,processSearchText
FN:66,isISBN
FN:76,(anonymous_4)
FNF:5
FNH:2
FNDA:0,(anonymous_0)
FNDA:0,(anonymous_1)
FNDA:4,processSearchText
FNDA:8,isISBN
FNDA:0,(anonymous_4)
DA:5,1
DA:6,0
DA:14,1
DA:15,0
DA:16,0
DA:18,0
DA:19,0
DA:20,0
DA:23,0
DA:38,4
DA:41,4
DA:43,1
DA:44,1
DA:48,3
DA:49,1
DA:50,1
DA:54,2
DA:55,1
DA:58,2
DA:68,8
DA:71,8
DA:76,1
DA:77,0
DA:78,0
DA:79,0
DA:81,0
DA:86,0
DA:91,1
DA:92,1
DA:93,1
LF:30
LH:18
BRDA:15,0,0,0
BRDA:15,0,1,0
BRDA:15,1,0,0
BRDA:15,1,1,0
BRDA:18,2,0,0
BRDA:18,2,1,0
BRDA:41,3,0,1
BRDA:41,3,1,3
BRDA:48,4,0,1
BRDA:48,4,1,2
BRDA:48,5,0,3
BRDA:48,5,1,2
BRDA:54,6,0,1
BRDA:54,6,1,1
BRDA:71,7,0,8
BRDA:71,7,1,6
BRDA:77,8,0,0
BRDA:77,8,1,0
BRDA:91,9,0,1
BRDA:91,9,1,0
BRF:20
BRH:11
end_of_record
TN:
SF:content.js
FN:4,(anonymous_0)
FN:16,handleSelectionChange
FN:31,validateSearchText
FN:69,detectISBN
FN:99,(anonymous_4)
FN:103,(anonymous_5)
FNF:6
FNH:2
FNDA:1,(anonymous_0)
FNDA:0,handleSelectionChange
FNDA:2,validateSearchText
FNDA:0,detectISBN
FNDA:0,(anonymous_4)
FNDA:0,(anonymous_5)
DA:4,1
DA:8,1
DA:11,1
DA:17,0
DA:18,0
DA:20,0
DA:21,0
DA:32,2
DA:33,1
DA:36,1
DA:38,1
DA:39,0
DA:42,1
DA:43,0
DA:51,1
DA:52,1
DA:54,0
DA:61,1
DA:71,0
DA:74,0
DA:80,0
DA:81,0
DA:84,0
DA:85,0
DA:88,0
DA:89,0
DA:92,0
DA:96,1
DA:99,0
DA:103,1
DA:104,0
DA:106,0
DA:107,0
DA:108,0
DA:110,0
DA:111,0
DA:112,0
DA:120,0
DA:125,0
DA:128,0
DA:130,0
DA:134,0
DA:136,0
DA:138,0
DA:141,0
DA:146,1
DA:147,1
DA:148,1
LF:48
LH:16
BRDA:20,0,0,0
BRDA:20,0,1,0
BRDA:20,1,0,0
BRDA:20,1,1,0
BRDA:32,2,0,1
BRDA:32,2,1,1
BRDA:32,3,0,2
BRDA:32,3,1,1
BRDA:38,4,0,0
BRDA:38,4,1,1
BRDA:42,5,0,0
BRDA:42,5,1,1
BRDA:52,6,0,0
BRDA:52,6,1,1
BRDA:80,7,0,0
BRDA:80,7,1,0
BRDA:84,8,0,0
BRDA:84,8,1,0
BRDA:88,9,0,0
BRDA:88,9,1,0
BRDA:88,10,0,0
BRDA:88,10,1,0
BRDA:104,11,0,0
BRDA:104,11,1,0
BRDA:104,11,2,0
BRDA:110,12,0,0
BRDA:110,12,1,0
BRDA:128,13,0,0
BRDA:128,13,1,0
BRDA:146,14,0,1
BRDA:146,14,1,0
BRF:31
BRH:8
end_of_record
TN:
SF:debug-isbn.js
FN:3,detectISBN
FN:51,(anonymous_1)
FNF:2
FNH:0
FNDA:0,detectISBN
FNDA:0,(anonymous_1)
DA:4,0
DA:5,0
DA:7,0
DA:10,0
DA:11,0
DA:12,0
DA:14,0
DA:18,0
DA:19,0
DA:23,0
DA:24,0
DA:28,0
DA:30,0
DA:31,0
DA:33,0
DA:36,0
DA:39,0
DA:50,0
DA:51,0
DA:52,0
DA:53,0
LF:21
LH:0
BRDA:4,0,0,0
BRDA:4,0,1,0
BRDA:4,1,0,0
BRDA:4,1,1,0
BRDA:10,2,0,0
BRDA:10,2,1,0
BRDA:10,3,0,0
BRDA:10,3,1,0
BRDA:11,4,0,0
BRDA:11,4,1,0
BRDA:11,5,0,0
BRDA:11,5,1,0
BRDA:18,6,0,0
BRDA:18,6,1,0
BRDA:18,7,0,0
BRDA:18,7,1,0
BRDA:23,8,0,0
BRDA:23,8,1,0
BRDA:23,9,0,0
BRDA:23,9,1,0
BRDA:28,10,0,0
BRDA:28,10,1,0
BRDA:28,11,0,0
BRDA:28,11,1,0
BRDA:28,11,2,0
BRDA:30,12,0,0
BRDA:30,12,1,0
BRDA:30,13,0,0
BRDA:30,13,1,0
BRDA:53,14,0,0
BRDA:53,14,1,0
BRF:31
BRH:0
end_of_record
TN:
SF:popup.js
FN:4,(anonymous_0)
FN:16,(anonymous_1)
FN:27,checkSelectedText
FN:28,(anonymous_3)
FN:30,(anonymous_4)
FN:56,handleManualSearch
FN:70,handleSelectedTextSearch
FN:71,(anonymous_7)
FN:73,(anonymous_8)
FN:88,performSearch
FN:119,processSearchText
FN:151,isISBN
FN:165,showMessage
FN:172,clearMessages
FN:182,truncateText
FN:194,escapeHtml
FNF:16
FNH:0
FNDA:0,(anonymous_0)
FNDA:0,(anonymous_1)
FNDA:0,checkSelectedText
FNDA:0,(anonymous_3)
FNDA:0,(anonymous_4)
FNDA:0,handleManualSearch
FNDA:0,handleSelectedTextSearch
FNDA:0,(anonymous_7)
FNDA:0,(anonymous_8)
FNDA:0,performSearch
FNDA:0,processSearchText
FNDA:0,isISBN
FNDA:0,showMessage
FNDA:0,clearMessages
FNDA:0,truncateText
FNDA:0,escapeHtml
DA:4,1
DA:5,0
DA:6,0
DA:7,0
DA:8,0
DA:11,0
DA:14,0
DA:15,0
DA:16,0
DA:17,0
DA:18,0
DA:22,0
DA:28,0
DA:29,0
DA:30,0
DA:31,0
DA:33,0
DA:36,0
DA:37,0
DA:38,0
DA:40,0
DA:41,0
DA:44,0
DA:45,0
DA:57,0
DA:59,0
DA:60,0
DA:61,0
DA:64,0
DA:71,0
DA:72,0
DA:73,0
DA:74,0
DA:75,0
DA:77,0
DA:89,0
DA:90,0
DA:91,0
DA:94,0
DA:96,0
DA:97,0
DA:98,0
DA:101,0
DA:107,0
DA:110,0
DA:120,0
DA:121,0
DA:125,0
DA:127,0
DA:128,0
DA:132,0
DA:134,0
DA:135,0
DA:139,0
DA:140,0
DA:143,0
DA:153,0
DA:156,0
DA:166,0
DA:173,0
DA:183,0
DA:184,0
DA:186,0
DA:195,0
DA:196,0
DA:197,0
DA:201,0
DA:202,0
DA:203,0
DA:204,0
LF:70
LH:1
BRDA:17,0,0,0
BRDA:17,0,1,0
BRDA:29,1,0,0
BRDA:29,1,1,0
BRDA:31,2,0,0
BRDA:31,2,1,0
BRDA:36,3,0,0
BRDA:36,3,1,0
BRDA:36,4,0,0
BRDA:36,4,1,0
BRDA:40,5,0,0
BRDA:40,5,1,0
BRDA:40,6,0,0
BRDA:40,6,1,0
BRDA:44,7,0,0
BRDA:44,7,1,0
BRDA:59,8,0,0
BRDA:59,8,1,0
BRDA:72,9,0,0
BRDA:72,9,1,0
BRDA:74,10,0,0
BRDA:74,10,1,0
BRDA:74,11,0,0
BRDA:74,11,1,0
BRDA:89,12,0,0
BRDA:89,12,1,0
BRDA:89,13,0,0
BRDA:89,13,1,0
BRDA:120,14,0,0
BRDA:120,14,1,0
BRDA:120,15,0,0
BRDA:120,15,1,0
BRDA:127,16,0,0
BRDA:127,16,1,0
BRDA:132,17,0,0
BRDA:132,17,1,0
BRDA:139,18,0,0
BRDA:139,18,1,0
BRDA:156,19,0,0
BRDA:156,19,1,0
BRDA:165,20,0,0
BRDA:183,21,0,0
BRDA:183,21,1,0
BRDA:201,22,0,0
BRDA:201,22,1,0
BRF:45
BRH:0
end_of_record
